current directory: /home/toma/webInt/vedor/bundle/ruby/3.3.0/gems/json-2.8.2/ext/json/ext/parser
/home/toma/.rbenv/versions/3.3.6/bin/ruby extconf.rb
checking for rb_enc_interned_str() in ruby.h... yes
checking for rb_hash_new_capa() in ruby.h... yes
checking for rb_gc_mark_locations() in ruby.h... yes
checking for rb_hash_bulk_insert() in ruby.h... yes
checking for rb_category_warn() in ruby.h... yes
checking for whether -std=c99 is accepted as CFLAGS... yes
creating Makefile

current directory: /home/toma/webInt/vedor/bundle/ruby/3.3.0/gems/json-2.8.2/ext/json/ext/parser
make DESTDIR\= sitearchdir\=./.gem.20250115-24706-9ztbhu sitelibdir\=./.gem.20250115-24706-9ztbhu clean

current directory: /home/toma/webInt/vedor/bundle/ruby/3.3.0/gems/json-2.8.2/ext/json/ext/parser
make DESTDIR\= sitearchdir\=./.gem.20250115-24706-9ztbhu sitelibdir\=./.gem.20250115-24706-9ztbhu
compiling parser.c
linking shared-object json/ext/parser.so

current directory: /home/toma/webInt/vedor/bundle/ruby/3.3.0/gems/json-2.8.2/ext/json/ext/parser
make DESTDIR\= sitearchdir\=./.gem.20250115-24706-9ztbhu sitelibdir\=./.gem.20250115-24706-9ztbhu install
/usr/bin/install -c -m 0755 parser.so ./.gem.20250115-24706-9ztbhu/json/ext

current directory: /home/toma/webInt/vedor/bundle/ruby/3.3.0/gems/json-2.8.2/ext/json/ext/parser
make DESTDIR\= sitearchdir\=./.gem.20250115-24706-9ztbhu sitelibdir\=./.gem.20250115-24706-9ztbhu clean
