have_func: checking for rb_enc_interned_str() in ruby.h... -------------------- no

"gcc -o conftest -I/home/toma/.rbenv/versions/2.7.6/include/ruby-2.7.0/x86_64-linux -I/home/toma/.rbenv/versions/2.7.6/include/ruby-2.7.0/ruby/backward -I/home/toma/.rbenv/versions/2.7.6/include/ruby-2.7.0 -I.    -g -O2 -fPIC conftest.c  -L. -L/home/toma/.rbenv/versions/2.7.6/lib -Wl,-rpath,/home/toma/.rbenv/versions/2.7.6/lib -L. -fstack-protector-strong -rdynamic -Wl,-export-dynamic     -Wl,-rpath,/home/toma/.rbenv/versions/2.7.6/lib -L/home/toma/.rbenv/versions/2.7.6/lib -lruby  -lm   -lc"
checked program was:
/* begin */
1: #include "ruby.h"
2: 
3: int main(int argc, char **argv)
4: {
5:   return !!argv[argc];
6: }
/* end */

"gcc -o conftest -I/home/toma/.rbenv/versions/2.7.6/include/ruby-2.7.0/x86_64-linux -I/home/toma/.rbenv/versions/2.7.6/include/ruby-2.7.0/ruby/backward -I/home/toma/.rbenv/versions/2.7.6/include/ruby-2.7.0 -I.    -g -O2 -fPIC conftest.c  -L. -L/home/toma/.rbenv/versions/2.7.6/lib -Wl,-rpath,/home/toma/.rbenv/versions/2.7.6/lib -L. -fstack-protector-strong -rdynamic -Wl,-export-dynamic     -Wl,-rpath,/home/toma/.rbenv/versions/2.7.6/lib -L/home/toma/.rbenv/versions/2.7.6/lib -lruby  -lm   -lc"
conftest.c: In function ‘t’:
conftest.c:16:57: error: ‘rb_enc_interned_str’ undeclared (first use in this function); did you mean ‘rb_sym_interned_p’?
   16 | int t(void) { void ((*volatile p)()); p = (void ((*)()))rb_enc_interned_str; return !p; }
      |                                                         ^~~~~~~~~~~~~~~~~~~
      |                                                         rb_sym_interned_p
conftest.c:16:57: note: each undeclared identifier is reported only once for each function it appears in
checked program was:
/* begin */
 1: #include "ruby.h"
 2: 
 3: #include <ruby.h>
 4: 
 5: /*top*/
 6: extern int t(void);
 7: int main(int argc, char **argv)
 8: {
 9:   if (argc > 1000000) {
10:     int (* volatile tp)(void)=(int (*)(void))&t;
11:     printf("%d", (*tp)());
12:   }
13: 
14:   return !!argv[argc];
15: }
16: int t(void) { void ((*volatile p)()); p = (void ((*)()))rb_enc_interned_str; return !p; }
/* end */

"gcc -o conftest -I/home/toma/.rbenv/versions/2.7.6/include/ruby-2.7.0/x86_64-linux -I/home/toma/.rbenv/versions/2.7.6/include/ruby-2.7.0/ruby/backward -I/home/toma/.rbenv/versions/2.7.6/include/ruby-2.7.0 -I.    -g -O2 -fPIC conftest.c  -L. -L/home/toma/.rbenv/versions/2.7.6/lib -Wl,-rpath,/home/toma/.rbenv/versions/2.7.6/lib -L. -fstack-protector-strong -rdynamic -Wl,-export-dynamic     -Wl,-rpath,/home/toma/.rbenv/versions/2.7.6/lib -L/home/toma/.rbenv/versions/2.7.6/lib -lruby  -lm   -lc"
/usr/bin/ld: /tmp/ccP4ux12.o: in function `t':
/home/toma/webInt/vedor/bundle/ruby/2.7.0/gems/json-2.8.2/ext/json/ext/parser/conftest.c:17: undefined reference to `rb_enc_interned_str'
collect2: error: ld returned 1 exit status
checked program was:
/* begin */
 1: #include "ruby.h"
 2: 
 3: #include <ruby.h>
 4: 
 5: /*top*/
 6: extern int t(void);
 7: int main(int argc, char **argv)
 8: {
 9:   if (argc > 1000000) {
10:     int (* volatile tp)(void)=(int (*)(void))&t;
11:     printf("%d", (*tp)());
12:   }
13: 
14:   return !!argv[argc];
15: }
16: extern void rb_enc_interned_str();
17: int t(void) { rb_enc_interned_str(); return 0; }
/* end */

--------------------

have_func: checking for rb_hash_new_capa() in ruby.h... -------------------- no

"gcc -o conftest -I/home/toma/.rbenv/versions/2.7.6/include/ruby-2.7.0/x86_64-linux -I/home/toma/.rbenv/versions/2.7.6/include/ruby-2.7.0/ruby/backward -I/home/toma/.rbenv/versions/2.7.6/include/ruby-2.7.0 -I.    -g -O2 -fPIC conftest.c  -L. -L/home/toma/.rbenv/versions/2.7.6/lib -Wl,-rpath,/home/toma/.rbenv/versions/2.7.6/lib -L. -fstack-protector-strong -rdynamic -Wl,-export-dynamic     -Wl,-rpath,/home/toma/.rbenv/versions/2.7.6/lib -L/home/toma/.rbenv/versions/2.7.6/lib -lruby  -lm   -lc"
conftest.c: In function ‘t’:
conftest.c:16:57: error: ‘rb_hash_new_capa’ undeclared (first use in this function); did you mean ‘rb_ary_new_capa’?
   16 | int t(void) { void ((*volatile p)()); p = (void ((*)()))rb_hash_new_capa; return !p; }
      |                                                         ^~~~~~~~~~~~~~~~
      |                                                         rb_ary_new_capa
conftest.c:16:57: note: each undeclared identifier is reported only once for each function it appears in
checked program was:
/* begin */
 1: #include "ruby.h"
 2: 
 3: #include <ruby.h>
 4: 
 5: /*top*/
 6: extern int t(void);
 7: int main(int argc, char **argv)
 8: {
 9:   if (argc > 1000000) {
10:     int (* volatile tp)(void)=(int (*)(void))&t;
11:     printf("%d", (*tp)());
12:   }
13: 
14:   return !!argv[argc];
15: }
16: int t(void) { void ((*volatile p)()); p = (void ((*)()))rb_hash_new_capa; return !p; }
/* end */

"gcc -o conftest -I/home/toma/.rbenv/versions/2.7.6/include/ruby-2.7.0/x86_64-linux -I/home/toma/.rbenv/versions/2.7.6/include/ruby-2.7.0/ruby/backward -I/home/toma/.rbenv/versions/2.7.6/include/ruby-2.7.0 -I.    -g -O2 -fPIC conftest.c  -L. -L/home/toma/.rbenv/versions/2.7.6/lib -Wl,-rpath,/home/toma/.rbenv/versions/2.7.6/lib -L. -fstack-protector-strong -rdynamic -Wl,-export-dynamic     -Wl,-rpath,/home/toma/.rbenv/versions/2.7.6/lib -L/home/toma/.rbenv/versions/2.7.6/lib -lruby  -lm   -lc"
/usr/bin/ld: /tmp/ccRQNQNT.o: in function `t':
/home/toma/webInt/vedor/bundle/ruby/2.7.0/gems/json-2.8.2/ext/json/ext/parser/conftest.c:17: undefined reference to `rb_hash_new_capa'
collect2: error: ld returned 1 exit status
checked program was:
/* begin */
 1: #include "ruby.h"
 2: 
 3: #include <ruby.h>
 4: 
 5: /*top*/
 6: extern int t(void);
 7: int main(int argc, char **argv)
 8: {
 9:   if (argc > 1000000) {
10:     int (* volatile tp)(void)=(int (*)(void))&t;
11:     printf("%d", (*tp)());
12:   }
13: 
14:   return !!argv[argc];
15: }
16: extern void rb_hash_new_capa();
17: int t(void) { rb_hash_new_capa(); return 0; }
/* end */

--------------------

have_func: checking for rb_gc_mark_locations() in ruby.h... -------------------- yes

"gcc -o conftest -I/home/toma/.rbenv/versions/2.7.6/include/ruby-2.7.0/x86_64-linux -I/home/toma/.rbenv/versions/2.7.6/include/ruby-2.7.0/ruby/backward -I/home/toma/.rbenv/versions/2.7.6/include/ruby-2.7.0 -I.    -g -O2 -fPIC conftest.c  -L. -L/home/toma/.rbenv/versions/2.7.6/lib -Wl,-rpath,/home/toma/.rbenv/versions/2.7.6/lib -L. -fstack-protector-strong -rdynamic -Wl,-export-dynamic     -Wl,-rpath,/home/toma/.rbenv/versions/2.7.6/lib -L/home/toma/.rbenv/versions/2.7.6/lib -lruby  -lm   -lc"
checked program was:
/* begin */
 1: #include "ruby.h"
 2: 
 3: #include <ruby.h>
 4: 
 5: /*top*/
 6: extern int t(void);
 7: int main(int argc, char **argv)
 8: {
 9:   if (argc > 1000000) {
10:     int (* volatile tp)(void)=(int (*)(void))&t;
11:     printf("%d", (*tp)());
12:   }
13: 
14:   return !!argv[argc];
15: }
16: int t(void) { void ((*volatile p)()); p = (void ((*)()))rb_gc_mark_locations; return !p; }
/* end */

--------------------

have_func: checking for rb_hash_bulk_insert() in ruby.h... -------------------- yes

"gcc -o conftest -I/home/toma/.rbenv/versions/2.7.6/include/ruby-2.7.0/x86_64-linux -I/home/toma/.rbenv/versions/2.7.6/include/ruby-2.7.0/ruby/backward -I/home/toma/.rbenv/versions/2.7.6/include/ruby-2.7.0 -I.    -g -O2 -fPIC conftest.c  -L. -L/home/toma/.rbenv/versions/2.7.6/lib -Wl,-rpath,/home/toma/.rbenv/versions/2.7.6/lib -L. -fstack-protector-strong -rdynamic -Wl,-export-dynamic     -Wl,-rpath,/home/toma/.rbenv/versions/2.7.6/lib -L/home/toma/.rbenv/versions/2.7.6/lib -lruby  -lm   -lc"
checked program was:
/* begin */
 1: #include "ruby.h"
 2: 
 3: #include <ruby.h>
 4: 
 5: /*top*/
 6: extern int t(void);
 7: int main(int argc, char **argv)
 8: {
 9:   if (argc > 1000000) {
10:     int (* volatile tp)(void)=(int (*)(void))&t;
11:     printf("%d", (*tp)());
12:   }
13: 
14:   return !!argv[argc];
15: }
16: int t(void) { void ((*volatile p)()); p = (void ((*)()))rb_hash_bulk_insert; return !p; }
/* end */

--------------------

have_func: checking for rb_category_warn() in ruby.h... -------------------- no

"gcc -o conftest -I/home/toma/.rbenv/versions/2.7.6/include/ruby-2.7.0/x86_64-linux -I/home/toma/.rbenv/versions/2.7.6/include/ruby-2.7.0/ruby/backward -I/home/toma/.rbenv/versions/2.7.6/include/ruby-2.7.0 -I.    -g -O2 -fPIC conftest.c  -L. -L/home/toma/.rbenv/versions/2.7.6/lib -Wl,-rpath,/home/toma/.rbenv/versions/2.7.6/lib -L. -fstack-protector-strong -rdynamic -Wl,-export-dynamic     -Wl,-rpath,/home/toma/.rbenv/versions/2.7.6/lib -L/home/toma/.rbenv/versions/2.7.6/lib -lruby  -lm   -lc"
conftest.c: In function ‘t’:
conftest.c:16:57: error: ‘rb_category_warn’ undeclared (first use in this function)
   16 | int t(void) { void ((*volatile p)()); p = (void ((*)()))rb_category_warn; return !p; }
      |                                                         ^~~~~~~~~~~~~~~~
conftest.c:16:57: note: each undeclared identifier is reported only once for each function it appears in
checked program was:
/* begin */
 1: #include "ruby.h"
 2: 
 3: #include <ruby.h>
 4: 
 5: /*top*/
 6: extern int t(void);
 7: int main(int argc, char **argv)
 8: {
 9:   if (argc > 1000000) {
10:     int (* volatile tp)(void)=(int (*)(void))&t;
11:     printf("%d", (*tp)());
12:   }
13: 
14:   return !!argv[argc];
15: }
16: int t(void) { void ((*volatile p)()); p = (void ((*)()))rb_category_warn; return !p; }
/* end */

"gcc -o conftest -I/home/toma/.rbenv/versions/2.7.6/include/ruby-2.7.0/x86_64-linux -I/home/toma/.rbenv/versions/2.7.6/include/ruby-2.7.0/ruby/backward -I/home/toma/.rbenv/versions/2.7.6/include/ruby-2.7.0 -I.    -g -O2 -fPIC conftest.c  -L. -L/home/toma/.rbenv/versions/2.7.6/lib -Wl,-rpath,/home/toma/.rbenv/versions/2.7.6/lib -L. -fstack-protector-strong -rdynamic -Wl,-export-dynamic     -Wl,-rpath,/home/toma/.rbenv/versions/2.7.6/lib -L/home/toma/.rbenv/versions/2.7.6/lib -lruby  -lm   -lc"
/usr/bin/ld: /tmp/ccGMAR4o.o: in function `t':
/home/toma/webInt/vedor/bundle/ruby/2.7.0/gems/json-2.8.2/ext/json/ext/parser/conftest.c:17: undefined reference to `rb_category_warn'
collect2: error: ld returned 1 exit status
checked program was:
/* begin */
 1: #include "ruby.h"
 2: 
 3: #include <ruby.h>
 4: 
 5: /*top*/
 6: extern int t(void);
 7: int main(int argc, char **argv)
 8: {
 9:   if (argc > 1000000) {
10:     int (* volatile tp)(void)=(int (*)(void))&t;
11:     printf("%d", (*tp)());
12:   }
13: 
14:   return !!argv[argc];
15: }
16: extern void rb_category_warn();
17: int t(void) { rb_category_warn(); return 0; }
/* end */

--------------------

block in append_cflags: checking for whether -std=c99 is accepted as CFLAGS... -------------------- yes

"gcc -I/home/toma/.rbenv/versions/2.7.6/include/ruby-2.7.0/x86_64-linux -I/home/toma/.rbenv/versions/2.7.6/include/ruby-2.7.0/ruby/backward -I/home/toma/.rbenv/versions/2.7.6/include/ruby-2.7.0 -I.    -g -O2 -fPIC  -std=c99 -Werror -c conftest.c"
checked program was:
/* begin */
1: #include "ruby.h"
2: 
3: int main(int argc, char **argv)
4: {
5:   return !!argv[argc];
6: }
/* end */

--------------------

